[0.145s] DEBUG:colcon:Command line arguments: ['/usr/bin/colcon', 'build']
[0.145s] DEBUG:colcon:Parsed command line arguments: Namespace(log_base=None, log_level=None, verb_name='build', build_base='build', install_base='install', merge_install=False, symlink_install=False, test_result_base=None, continue_on_error=False, executor='parallel', parallel_workers=4, event_handlers=None, ignore_user_meta=False, metas=['./colcon.meta'], base_paths=['.'], packages_ignore=None, packages_ignore_regex=None, paths=None, packages_up_to=None, packages_up_to_regex=None, packages_above=None, packages_above_and_dependencies=None, packages_above_depth=None, packages_select_by_dep=None, packages_skip_by_dep=None, packages_skip_up_to=None, packages_select_build_failed=False, packages_skip_build_finished=False, packages_select_test_failures=False, packages_skip_test_passed=False, packages_select=None, packages_skip=None, packages_select_regex=None, packages_skip_regex=None, packages_start=None, packages_end=None, allow_overriding=[], cmake_args=None, cmake_target=None, cmake_target_skip_unavailable=False, cmake_clean_cache=False, cmake_clean_first=False, cmake_force_configure=False, ament_cmake_args=None, catkin_cmake_args=None, catkin_skip_building_tests=False, mixin_files=None, mixin=None, verb_parser=<colcon_mixin.mixin.mixin_argument.MixinArgumentDecorator object at 0xffffa83535f0>, verb_extension=<colcon_core.verb.build.BuildVerb object at 0xffffa83532c0>, main=<bound method BuildVerb.main of <colcon_core.verb.build.BuildVerb object at 0xffffa83532c0>>, mixin_verb=('build',))
[0.201s] Level 1:colcon.colcon_core.package_discovery:discover_packages(colcon_meta) check parameters
[0.201s] Level 1:colcon.colcon_core.package_discovery:discover_packages(recursive) check parameters
[0.201s] Level 1:colcon.colcon_core.package_discovery:discover_packages(ignore) check parameters
[0.201s] Level 1:colcon.colcon_core.package_discovery:discover_packages(path) check parameters
[0.201s] Level 1:colcon.colcon_core.package_discovery:discover_packages(colcon_meta) discover
[0.201s] Level 1:colcon.colcon_core.package_discovery:discover_packages(recursive) discover
[0.201s] INFO:colcon.colcon_core.package_discovery:Crawling recursively for packages in '/home/pi/raspi'
[0.201s] Level 1:colcon.colcon_core.package_identification:_identify(.) by extensions ['ignore', 'ignore_ament_install']
[0.201s] Level 1:colcon.colcon_core.package_identification:_identify(.) by extension 'ignore'
[0.201s] Level 1:colcon.colcon_core.package_identification:_identify(.) by extension 'ignore_ament_install'
[0.201s] Level 1:colcon.colcon_core.package_identification:_identify(.) by extensions ['colcon_pkg']
[0.201s] Level 1:colcon.colcon_core.package_identification:_identify(.) by extension 'colcon_pkg'
[0.201s] Level 1:colcon.colcon_core.package_identification:_identify(.) by extensions ['colcon_meta']
[0.201s] Level 1:colcon.colcon_core.package_identification:_identify(.) by extension 'colcon_meta'
[0.202s] Level 1:colcon.colcon_core.package_identification:_identify(.) by extensions ['ros']
[0.202s] Level 1:colcon.colcon_core.package_identification:_identify(.) by extension 'ros'
[0.238s] Level 1:colcon.colcon_core.package_identification:_identify(.) by extensions ['cmake', 'python']
[0.238s] Level 1:colcon.colcon_core.package_identification:_identify(.) by extension 'cmake'
[0.238s] Level 1:colcon.colcon_core.package_identification:_identify(.) by extension 'python'
[0.238s] Level 1:colcon.colcon_core.package_identification:_identify(.) by extensions ['python_setup_py']
[0.238s] Level 1:colcon.colcon_core.package_identification:_identify(.) by extension 'python_setup_py'
[0.238s] Level 1:colcon.colcon_core.package_identification:_identify(build) by extensions ['ignore', 'ignore_ament_install']
[0.238s] Level 1:colcon.colcon_core.package_identification:_identify(build) by extension 'ignore'
[0.239s] Level 1:colcon.colcon_core.package_identification:_identify(build) ignored
[0.239s] Level 1:colcon.colcon_core.package_identification:_identify(install) by extensions ['ignore', 'ignore_ament_install']
[0.239s] Level 1:colcon.colcon_core.package_identification:_identify(install) by extension 'ignore'
[0.239s] Level 1:colcon.colcon_core.package_identification:_identify(install) ignored
[0.239s] Level 1:colcon.colcon_core.package_identification:_identify(log) by extensions ['ignore', 'ignore_ament_install']
[0.239s] Level 1:colcon.colcon_core.package_identification:_identify(log) by extension 'ignore'
[0.239s] Level 1:colcon.colcon_core.package_identification:_identify(log) ignored
[0.239s] Level 1:colcon.colcon_core.package_identification:_identify(navigator) by extensions ['ignore', 'ignore_ament_install']
[0.239s] Level 1:colcon.colcon_core.package_identification:_identify(navigator) by extension 'ignore'
[0.239s] Level 1:colcon.colcon_core.package_identification:_identify(navigator) by extension 'ignore_ament_install'
[0.239s] Level 1:colcon.colcon_core.package_identification:_identify(navigator) by extensions ['colcon_pkg']
[0.239s] Level 1:colcon.colcon_core.package_identification:_identify(navigator) by extension 'colcon_pkg'
[0.239s] Level 1:colcon.colcon_core.package_identification:_identify(navigator) by extensions ['colcon_meta']
[0.239s] Level 1:colcon.colcon_core.package_identification:_identify(navigator) by extension 'colcon_meta'
[0.240s] Level 1:colcon.colcon_core.package_identification:_identify(navigator) by extensions ['ros']
[0.240s] Level 1:colcon.colcon_core.package_identification:_identify(navigator) by extension 'ros'
[0.243s] DEBUG:colcon.colcon_core.package_identification:Package 'navigator' with type 'ros.ament_python' and name 'navigator'
[0.243s] Level 1:colcon.colcon_core.package_identification:_identify(sllidar_ros2) by extensions ['ignore', 'ignore_ament_install']
[0.243s] Level 1:colcon.colcon_core.package_identification:_identify(sllidar_ros2) by extension 'ignore'
[0.243s] Level 1:colcon.colcon_core.package_identification:_identify(sllidar_ros2) by extension 'ignore_ament_install'
[0.243s] Level 1:colcon.colcon_core.package_identification:_identify(sllidar_ros2) by extensions ['colcon_pkg']
[0.243s] Level 1:colcon.colcon_core.package_identification:_identify(sllidar_ros2) by extension 'colcon_pkg'
[0.244s] Level 1:colcon.colcon_core.package_identification:_identify(sllidar_ros2) by extensions ['colcon_meta']
[0.244s] Level 1:colcon.colcon_core.package_identification:_identify(sllidar_ros2) by extension 'colcon_meta'
[0.244s] Level 1:colcon.colcon_core.package_identification:_identify(sllidar_ros2) by extensions ['ros']
[0.244s] Level 1:colcon.colcon_core.package_identification:_identify(sllidar_ros2) by extension 'ros'
[0.244s] DEBUG:colcon.colcon_core.package_identification:Package 'sllidar_ros2' with type 'ros.ament_cmake' and name 'sllidar_ros2'
[0.244s] Level 1:colcon.colcon_core.package_discovery:discover_packages(recursive) using defaults
[0.244s] Level 1:colcon.colcon_core.package_discovery:discover_packages(ignore) discover
[0.244s] Level 1:colcon.colcon_core.package_discovery:discover_packages(ignore) using defaults
[0.245s] Level 1:colcon.colcon_core.package_discovery:discover_packages(path) discover
[0.245s] Level 1:colcon.colcon_core.package_discovery:discover_packages(path) using defaults
[0.268s] Level 1:colcon.colcon_core.package_discovery:discover_packages(prefix_path) check parameters
[0.268s] Level 1:colcon.colcon_core.package_discovery:discover_packages(prefix_path) discover
[0.272s] DEBUG:colcon.colcon_installed_package_information.package_discovery:Found 325 installed packages in /opt/ros/jazzy
[0.273s] Level 1:colcon.colcon_core.package_discovery:discover_packages(prefix_path) using defaults
[0.337s] Level 5:colcon.colcon_core.verb:set package 'navigator' build argument 'cmake_args' from command line to 'None'
[0.337s] Level 5:colcon.colcon_core.verb:set package 'navigator' build argument 'cmake_target' from command line to 'None'
[0.338s] Level 5:colcon.colcon_core.verb:set package 'navigator' build argument 'cmake_target_skip_unavailable' from command line to 'False'
[0.338s] Level 5:colcon.colcon_core.verb:set package 'navigator' build argument 'cmake_clean_cache' from command line to 'False'
[0.338s] Level 5:colcon.colcon_core.verb:set package 'navigator' build argument 'cmake_clean_first' from command line to 'False'
[0.338s] Level 5:colcon.colcon_core.verb:set package 'navigator' build argument 'cmake_force_configure' from command line to 'False'
[0.338s] Level 5:colcon.colcon_core.verb:set package 'navigator' build argument 'ament_cmake_args' from command line to 'None'
[0.338s] Level 5:colcon.colcon_core.verb:set package 'navigator' build argument 'catkin_cmake_args' from command line to 'None'
[0.338s] Level 5:colcon.colcon_core.verb:set package 'navigator' build argument 'catkin_skip_building_tests' from command line to 'False'
[0.338s] DEBUG:colcon.colcon_core.verb:Building package 'navigator' with the following arguments: {'ament_cmake_args': None, 'build_base': '/home/pi/raspi/build/navigator', 'catkin_cmake_args': None, 'catkin_skip_building_tests': False, 'cmake_args': None, 'cmake_clean_cache': False, 'cmake_clean_first': False, 'cmake_force_configure': False, 'cmake_target': None, 'cmake_target_skip_unavailable': False, 'install_base': '/home/pi/raspi/install/navigator', 'merge_install': False, 'path': '/home/pi/raspi/navigator', 'symlink_install': False, 'test_result_base': None}
[0.338s] Level 5:colcon.colcon_core.verb:set package 'sllidar_ros2' build argument 'cmake_args' from command line to 'None'
[0.338s] Level 5:colcon.colcon_core.verb:set package 'sllidar_ros2' build argument 'cmake_target' from command line to 'None'
[0.338s] Level 5:colcon.colcon_core.verb:set package 'sllidar_ros2' build argument 'cmake_target_skip_unavailable' from command line to 'False'
[0.338s] Level 5:colcon.colcon_core.verb:set package 'sllidar_ros2' build argument 'cmake_clean_cache' from command line to 'False'
[0.338s] Level 5:colcon.colcon_core.verb:set package 'sllidar_ros2' build argument 'cmake_clean_first' from command line to 'False'
[0.338s] Level 5:colcon.colcon_core.verb:set package 'sllidar_ros2' build argument 'cmake_force_configure' from command line to 'False'
[0.338s] Level 5:colcon.colcon_core.verb:set package 'sllidar_ros2' build argument 'ament_cmake_args' from command line to 'None'
[0.338s] Level 5:colcon.colcon_core.verb:set package 'sllidar_ros2' build argument 'catkin_cmake_args' from command line to 'None'
[0.338s] Level 5:colcon.colcon_core.verb:set package 'sllidar_ros2' build argument 'catkin_skip_building_tests' from command line to 'False'
[0.338s] DEBUG:colcon.colcon_core.verb:Building package 'sllidar_ros2' with the following arguments: {'ament_cmake_args': None, 'build_base': '/home/pi/raspi/build/sllidar_ros2', 'catkin_cmake_args': None, 'catkin_skip_building_tests': False, 'cmake_args': None, 'cmake_clean_cache': False, 'cmake_clean_first': False, 'cmake_force_configure': False, 'cmake_target': None, 'cmake_target_skip_unavailable': False, 'install_base': '/home/pi/raspi/install/sllidar_ros2', 'merge_install': False, 'path': '/home/pi/raspi/sllidar_ros2', 'symlink_install': False, 'test_result_base': None}
[0.338s] INFO:colcon.colcon_core.executor:Executing jobs using 'parallel' executor
[0.340s] DEBUG:colcon.colcon_parallel_executor.executor.parallel:run_until_complete
[0.340s] INFO:colcon.colcon_ros.task.ament_python.build:Building ROS package in '/home/pi/raspi/navigator' with build type 'ament_python'
[0.340s] Level 1:colcon.colcon_core.shell:create_environment_hook('navigator', 'ament_prefix_path')
[0.343s] INFO:colcon.colcon_core.plugin_system:Skipping extension 'colcon_core.shell.bat': Not used on non-Windows systems
[0.343s] INFO:colcon.colcon_core.shell:Creating environment hook '/home/pi/raspi/install/navigator/share/navigator/hook/ament_prefix_path.ps1'
[0.344s] INFO:colcon.colcon_core.shell:Creating environment descriptor '/home/pi/raspi/install/navigator/share/navigator/hook/ament_prefix_path.dsv'
[0.344s] INFO:colcon.colcon_core.shell:Creating environment hook '/home/pi/raspi/install/navigator/share/navigator/hook/ament_prefix_path.sh'
[0.345s] INFO:colcon.colcon_core.shell:Skip shell extension 'powershell' for command environment: Not usable outside of PowerShell
[0.346s] DEBUG:colcon.colcon_core.shell:Skip shell extension 'dsv' for command environment
[0.350s] INFO:colcon.colcon_ros.task.ament_cmake.build:Building ROS package in '/home/pi/raspi/sllidar_ros2' with build type 'ament_cmake'
[0.350s] INFO:colcon.colcon_cmake.task.cmake.build:Building CMake package in '/home/pi/raspi/sllidar_ros2'
[0.350s] INFO:colcon.colcon_core.shell:Skip shell extension 'powershell' for command environment: Not usable outside of PowerShell
[0.350s] DEBUG:colcon.colcon_core.shell:Skip shell extension 'dsv' for command environment
[0.675s] INFO:colcon.colcon_core.task.python.build:Building Python package in '/home/pi/raspi/navigator'
[0.675s] INFO:colcon.colcon_core.shell:Skip shell extension 'powershell' for command environment: Not usable outside of PowerShell
[0.675s] DEBUG:colcon.colcon_core.shell:Skip shell extension 'dsv' for command environment
[0.683s] DEBUG:colcon.colcon_core.event_handler.log_command:Invoking command in '/home/pi/raspi/build/sllidar_ros2': CMAKE_PREFIX_PATH=${CMAKE_PREFIX_PATH}:/opt/ros/jazzy /usr/bin/cmake /home/pi/raspi/sllidar_ros2 -DCMAKE_INSTALL_PREFIX=/home/pi/raspi/install/sllidar_ros2
[1.582s] DEBUG:colcon.colcon_core.event_handler.log_command:Invoking command in '/home/pi/raspi/navigator': PYTHONPATH=/home/pi/raspi/build/navigator/prefix_override:/usr/lib/python3/dist-packages/colcon_core/task/python/colcon_distutils_commands:/home/pi/raspi/install/navigator/lib/python3.12/site-packages:${PYTHONPATH} /usr/bin/python3 -W ignore:setup.py install is deprecated -W ignore:easy_install command is deprecated setup.py egg_info --egg-base ../build/navigator build --build-base /home/pi/raspi/build/navigator/build install --record /home/pi/raspi/build/navigator/install.log --single-version-externally-managed install_data
[2.452s] DEBUG:colcon.colcon_core.event_handler.log_command:Invoked command in '/home/pi/raspi/navigator' returned '0': PYTHONPATH=/home/pi/raspi/build/navigator/prefix_override:/usr/lib/python3/dist-packages/colcon_core/task/python/colcon_distutils_commands:/home/pi/raspi/install/navigator/lib/python3.12/site-packages:${PYTHONPATH} /usr/bin/python3 -W ignore:setup.py install is deprecated -W ignore:easy_install command is deprecated setup.py egg_info --egg-base ../build/navigator build --build-base /home/pi/raspi/build/navigator/build install --record /home/pi/raspi/build/navigator/install.log --single-version-externally-managed install_data
[2.454s] Level 1:colcon.colcon_core.environment:checking '/home/pi/raspi/install/navigator' for CMake module files
[2.455s] Level 1:colcon.colcon_core.environment:checking '/home/pi/raspi/install/navigator' for CMake config files
[2.456s] Level 1:colcon.colcon_core.environment:checking '/home/pi/raspi/install/navigator/lib'
[2.456s] Level 1:colcon.colcon_core.environment:checking '/home/pi/raspi/install/navigator/bin'
[2.456s] Level 1:colcon.colcon_core.environment:checking '/home/pi/raspi/install/navigator/lib/pkgconfig/navigator.pc'
[2.456s] Level 1:colcon.colcon_core.environment:checking '/home/pi/raspi/install/navigator/lib/python3.12/site-packages'
[2.456s] Level 1:colcon.colcon_core.shell:create_environment_hook('navigator', 'pythonpath')
[2.457s] INFO:colcon.colcon_core.shell:Creating environment hook '/home/pi/raspi/install/navigator/share/navigator/hook/pythonpath.ps1'
[2.457s] INFO:colcon.colcon_core.shell:Creating environment descriptor '/home/pi/raspi/install/navigator/share/navigator/hook/pythonpath.dsv'
[2.458s] INFO:colcon.colcon_core.shell:Creating environment hook '/home/pi/raspi/install/navigator/share/navigator/hook/pythonpath.sh'
[2.459s] Level 1:colcon.colcon_core.environment:checking '/home/pi/raspi/install/navigator/bin'
[2.459s] Level 1:colcon.colcon_core.environment:create_environment_scripts_only(navigator)
[2.459s] INFO:colcon.colcon_core.shell:Creating package script '/home/pi/raspi/install/navigator/share/navigator/package.ps1'
[2.461s] INFO:colcon.colcon_core.shell:Creating package descriptor '/home/pi/raspi/install/navigator/share/navigator/package.dsv'
[2.462s] INFO:colcon.colcon_core.shell:Creating package script '/home/pi/raspi/install/navigator/share/navigator/package.sh'
[2.463s] INFO:colcon.colcon_core.shell:Creating package script '/home/pi/raspi/install/navigator/share/navigator/package.bash'
[2.463s] INFO:colcon.colcon_core.shell:Creating package script '/home/pi/raspi/install/navigator/share/navigator/package.zsh'
[2.464s] Level 1:colcon.colcon_core.environment:create_file_with_runtime_dependencies(/home/pi/raspi/install/navigator/share/colcon-core/packages/navigator)
[3.579s] DEBUG:colcon.colcon_core.event_handler.log_command:Invoked command in '/home/pi/raspi/build/sllidar_ros2' returned '0': CMAKE_PREFIX_PATH=${CMAKE_PREFIX_PATH}:/opt/ros/jazzy /usr/bin/cmake /home/pi/raspi/sllidar_ros2 -DCMAKE_INSTALL_PREFIX=/home/pi/raspi/install/sllidar_ros2
[3.581s] DEBUG:colcon.colcon_core.event_handler.log_command:Invoking command in '/home/pi/raspi/build/sllidar_ros2': CMAKE_PREFIX_PATH=${CMAKE_PREFIX_PATH}:/opt/ros/jazzy /usr/bin/cmake --build /home/pi/raspi/build/sllidar_ros2 -- -j4 -l4
[19.606s] DEBUG:colcon.colcon_core.event_handler.log_command:Invoked command in '/home/pi/raspi/build/sllidar_ros2' returned '0': CMAKE_PREFIX_PATH=${CMAKE_PREFIX_PATH}:/opt/ros/jazzy /usr/bin/cmake --build /home/pi/raspi/build/sllidar_ros2 -- -j4 -l4
[19.623s] DEBUG:colcon.colcon_core.event_handler.log_command:Invoking command in '/home/pi/raspi/build/sllidar_ros2': CMAKE_PREFIX_PATH=${CMAKE_PREFIX_PATH}:/opt/ros/jazzy /usr/bin/cmake --install /home/pi/raspi/build/sllidar_ros2
[19.657s] Level 1:colcon.colcon_core.environment:create_environment_scripts_only(sllidar_ros2)
[19.657s] Level 1:colcon.colcon_core.environment:checking '/home/pi/raspi/install/sllidar_ros2' for CMake module files
[19.658s] DEBUG:colcon.colcon_core.event_handler.log_command:Invoked command in '/home/pi/raspi/build/sllidar_ros2' returned '0': CMAKE_PREFIX_PATH=${CMAKE_PREFIX_PATH}:/opt/ros/jazzy /usr/bin/cmake --install /home/pi/raspi/build/sllidar_ros2
[19.658s] Level 1:colcon.colcon_core.environment:checking '/home/pi/raspi/install/sllidar_ros2' for CMake config files
[19.659s] Level 1:colcon.colcon_core.shell:create_environment_hook('sllidar_ros2', 'cmake_prefix_path')
[19.659s] INFO:colcon.colcon_core.shell:Creating environment hook '/home/pi/raspi/install/sllidar_ros2/share/sllidar_ros2/hook/cmake_prefix_path.ps1'
[19.659s] INFO:colcon.colcon_core.shell:Creating environment descriptor '/home/pi/raspi/install/sllidar_ros2/share/sllidar_ros2/hook/cmake_prefix_path.dsv'
[19.660s] INFO:colcon.colcon_core.shell:Creating environment hook '/home/pi/raspi/install/sllidar_ros2/share/sllidar_ros2/hook/cmake_prefix_path.sh'
[19.660s] Level 1:colcon.colcon_core.environment:checking '/home/pi/raspi/install/sllidar_ros2/lib'
[19.661s] Level 1:colcon.colcon_core.environment:checking '/home/pi/raspi/install/sllidar_ros2/bin'
[19.661s] Level 1:colcon.colcon_core.environment:checking '/home/pi/raspi/install/sllidar_ros2/lib/pkgconfig/sllidar_ros2.pc'
[19.661s] Level 1:colcon.colcon_core.environment:checking '/home/pi/raspi/install/sllidar_ros2/lib/python3.12/site-packages'
[19.661s] Level 1:colcon.colcon_core.environment:checking '/home/pi/raspi/install/sllidar_ros2/bin'
[19.662s] INFO:colcon.colcon_core.shell:Creating package script '/home/pi/raspi/install/sllidar_ros2/share/sllidar_ros2/package.ps1'
[19.662s] INFO:colcon.colcon_core.shell:Creating package descriptor '/home/pi/raspi/install/sllidar_ros2/share/sllidar_ros2/package.dsv'
[19.662s] INFO:colcon.colcon_core.shell:Creating package script '/home/pi/raspi/install/sllidar_ros2/share/sllidar_ros2/package.sh'
[19.663s] INFO:colcon.colcon_core.shell:Creating package script '/home/pi/raspi/install/sllidar_ros2/share/sllidar_ros2/package.bash'
[19.663s] INFO:colcon.colcon_core.shell:Creating package script '/home/pi/raspi/install/sllidar_ros2/share/sllidar_ros2/package.zsh'
[19.664s] Level 1:colcon.colcon_core.environment:create_file_with_runtime_dependencies(/home/pi/raspi/install/sllidar_ros2/share/colcon-core/packages/sllidar_ros2)
[19.664s] Level 1:colcon.colcon_core.environment:create_environment_scripts_only(sllidar_ros2)
[19.664s] Level 1:colcon.colcon_core.environment:checking '/home/pi/raspi/install/sllidar_ros2' for CMake module files
[19.665s] Level 1:colcon.colcon_core.environment:checking '/home/pi/raspi/install/sllidar_ros2' for CMake config files
[19.665s] Level 1:colcon.colcon_core.shell:create_environment_hook('sllidar_ros2', 'cmake_prefix_path')
[19.666s] INFO:colcon.colcon_core.shell:Creating environment hook '/home/pi/raspi/install/sllidar_ros2/share/sllidar_ros2/hook/cmake_prefix_path.ps1'
[19.666s] INFO:colcon.colcon_core.shell:Creating environment descriptor '/home/pi/raspi/install/sllidar_ros2/share/sllidar_ros2/hook/cmake_prefix_path.dsv'
[19.667s] INFO:colcon.colcon_core.shell:Creating environment hook '/home/pi/raspi/install/sllidar_ros2/share/sllidar_ros2/hook/cmake_prefix_path.sh'
[19.668s] Level 1:colcon.colcon_core.environment:checking '/home/pi/raspi/install/sllidar_ros2/lib'
[19.668s] Level 1:colcon.colcon_core.environment:checking '/home/pi/raspi/install/sllidar_ros2/bin'
[19.668s] Level 1:colcon.colcon_core.environment:checking '/home/pi/raspi/install/sllidar_ros2/lib/pkgconfig/sllidar_ros2.pc'
[19.668s] Level 1:colcon.colcon_core.environment:checking '/home/pi/raspi/install/sllidar_ros2/lib/python3.12/site-packages'
[19.669s] Level 1:colcon.colcon_core.environment:checking '/home/pi/raspi/install/sllidar_ros2/bin'
[19.669s] INFO:colcon.colcon_core.shell:Creating package script '/home/pi/raspi/install/sllidar_ros2/share/sllidar_ros2/package.ps1'
[19.670s] INFO:colcon.colcon_core.shell:Creating package descriptor '/home/pi/raspi/install/sllidar_ros2/share/sllidar_ros2/package.dsv'
[19.670s] INFO:colcon.colcon_core.shell:Creating package script '/home/pi/raspi/install/sllidar_ros2/share/sllidar_ros2/package.sh'
[19.671s] INFO:colcon.colcon_core.shell:Creating package script '/home/pi/raspi/install/sllidar_ros2/share/sllidar_ros2/package.bash'
[19.672s] INFO:colcon.colcon_core.shell:Creating package script '/home/pi/raspi/install/sllidar_ros2/share/sllidar_ros2/package.zsh'
[19.673s] Level 1:colcon.colcon_core.environment:create_file_with_runtime_dependencies(/home/pi/raspi/install/sllidar_ros2/share/colcon-core/packages/sllidar_ros2)
[19.675s] DEBUG:colcon.colcon_parallel_executor.executor.parallel:closing loop
[19.676s] DEBUG:colcon.colcon_parallel_executor.executor.parallel:loop closed
[19.676s] DEBUG:colcon.colcon_parallel_executor.executor.parallel:run_until_complete finished with '0'
[19.676s] DEBUG:colcon.colcon_core.event_reactor:joining thread
[19.684s] INFO:colcon.colcon_core.plugin_system:Skipping extension 'colcon_notification.desktop_notification.notify_send': Could not find 'notify-send'
[19.684s] INFO:colcon.colcon_core.plugin_system:Skipping extension 'colcon_notification.desktop_notification.terminal_notifier': Not used on non-Darwin systems
[19.684s] INFO:colcon.colcon_core.plugin_system:Skipping extension 'colcon_notification.desktop_notification.win32': Not used on non-Windows systems
[19.684s] INFO:colcon.colcon_notification.desktop_notification:Sending desktop notification using 'notify2'
[19.686s] DEBUG:colcon.colcon_notification.desktop_notification.notify2:Failed to initialize notify2: org.freedesktop.DBus.Error.ServiceUnknown: The name org.freedesktop.Notifications was not provided by any .service files
[19.686s] DEBUG:colcon.colcon_core.event_reactor:joined thread
[19.687s] INFO:colcon.colcon_core.shell:Creating prefix script '/home/pi/raspi/install/local_setup.ps1'
[19.688s] INFO:colcon.colcon_core.shell:Creating prefix util module '/home/pi/raspi/install/_local_setup_util_ps1.py'
[19.689s] INFO:colcon.colcon_core.shell:Creating prefix chain script '/home/pi/raspi/install/setup.ps1'
[19.691s] INFO:colcon.colcon_core.shell:Creating prefix script '/home/pi/raspi/install/local_setup.sh'
[19.693s] INFO:colcon.colcon_core.shell:Creating prefix util module '/home/pi/raspi/install/_local_setup_util_sh.py'
[19.694s] INFO:colcon.colcon_core.shell:Creating prefix chain script '/home/pi/raspi/install/setup.sh'
[19.697s] INFO:colcon.colcon_core.shell:Creating prefix script '/home/pi/raspi/install/local_setup.bash'
[19.699s] INFO:colcon.colcon_core.shell:Creating prefix chain script '/home/pi/raspi/install/setup.bash'
[19.701s] INFO:colcon.colcon_core.shell:Creating prefix script '/home/pi/raspi/install/local_setup.zsh'
[19.703s] INFO:colcon.colcon_core.shell:Creating prefix chain script '/home/pi/raspi/install/setup.zsh'
