[1.209s] Invoking command in '/home/pi/raspi/navigator': PYTHONPATH=/home/pi/raspi/build/navigator/prefix_override:/usr/lib/python3/dist-packages/colcon_core/task/python/colcon_distutils_commands:/home/pi/raspi/install/navigator/lib/python3.12/site-packages:${PYTHONPATH} /usr/bin/python3 -W ignore:setup.py install is deprecated -W ignore:easy_install command is deprecated setup.py egg_info --egg-base ../build/navigator build --build-base /home/pi/raspi/build/navigator/build install --record /home/pi/raspi/build/navigator/install.log --single-version-externally-managed install_data
[1.568s] running egg_info
[1.595s] writing ../build/navigator/navigator.egg-info/PKG-INFO
[1.595s] writing dependency_links to ../build/navigator/navigator.egg-info/dependency_links.txt
[1.596s] writing entry points to ../build/navigator/navigator.egg-info/entry_points.txt
[1.597s] writing requirements to ../build/navigator/navigator.egg-info/requires.txt
[1.598s] writing top-level names to ../build/navigator/navigator.egg-info/top_level.txt
[1.654s] reading manifest file '../build/navigator/navigator.egg-info/SOURCES.txt'
[1.655s] writing manifest file '../build/navigator/navigator.egg-info/SOURCES.txt'
[1.655s] running build
[1.655s] running build_py
[1.656s] running install
[1.665s] running install_lib
[1.693s] running install_data
[1.693s] running install_egg_info
[1.722s] removing '/home/pi/raspi/install/navigator/lib/python3.12/site-packages/navigator-0.0.0-py3.12.egg-info' (and everything under it)
[1.722s] Copying ../build/navigator/navigator.egg-info to /home/pi/raspi/install/navigator/lib/python3.12/site-packages/navigator-0.0.0-py3.12.egg-info
[1.723s] running install_scripts
[1.908s] Installing front script to /home/pi/raspi/install/navigator/lib/navigator
[1.908s] Installing inv_kin script to /home/pi/raspi/install/navigator/lib/navigator
[1.909s] Installing joy script to /home/pi/raspi/install/navigator/lib/navigator
[1.910s] Installing rear script to /home/pi/raspi/install/navigator/lib/navigator
[1.911s] Installing viz script to /home/pi/raspi/install/navigator/lib/navigator
[1.913s] writing list of installed files to '/home/pi/raspi/build/navigator/install.log'
[1.992s] Invoked command in '/home/pi/raspi/navigator' returned '0': PYTHONPATH=/home/pi/raspi/build/navigator/prefix_override:/usr/lib/python3/dist-packages/colcon_core/task/python/colcon_distutils_commands:/home/pi/raspi/install/navigator/lib/python3.12/site-packages:${PYTHONPATH} /usr/bin/python3 -W ignore:setup.py install is deprecated -W ignore:easy_install command is deprecated setup.py egg_info --egg-base ../build/navigator build --build-base /home/pi/raspi/build/navigator/build install --record /home/pi/raspi/build/navigator/install.log --single-version-externally-managed install_data
