[0.356s] Invoking command in '/home/pi/raspi/build/sllidar_ros2': CMAKE_PREFIX_PATH=${CMAKE_PREFIX_PATH}:/opt/ros/jazzy /usr/bin/cmake --build /home/pi/raspi/build/sllidar_ros2 -- -j4 -l4
[0.895s] [ 10%] Built target sllidar_client
[0.904s] [100%] Built target sllidar_node
[0.925s] Invoked command in '/home/pi/raspi/build/sllidar_ros2' returned '0': CMAKE_PREFIX_PATH=${CMAKE_PREFIX_PATH}:/opt/ros/jazzy /usr/bin/cmake --build /home/pi/raspi/build/sllidar_ros2 -- -j4 -l4
[0.951s] Invoking command in '/home/pi/raspi/build/sllidar_ros2': CMAKE_PREFIX_PATH=${CMAKE_PREFIX_PATH}:/opt/ros/jazzy /usr/bin/cmake --install /home/pi/raspi/build/sllidar_ros2
[0.967s] -- Install configuration: ""
[0.969s] -- Up-to-date: /home/pi/raspi/install/sllidar_ros2/share/sllidar_ros2/launch
[0.971s] -- Up-to-date: /home/pi/raspi/install/sllidar_ros2/share/sllidar_ros2/launch/view_sllidar_a2m12_launch.py
[0.971s] -- Up-to-date: /home/pi/raspi/install/sllidar_ros2/share/sllidar_ros2/launch/view_sllidar_a2m8_launch.py
[0.971s] -- Up-to-date: /home/pi/raspi/install/sllidar_ros2/share/sllidar_ros2/launch/view_sllidar_s1_launch.py
[0.971s] -- Up-to-date: /home/pi/raspi/install/sllidar_ros2/share/sllidar_ros2/launch/sllidar_a2m7_launch.py
[0.971s] -- Up-to-date: /home/pi/raspi/install/sllidar_ros2/share/sllidar_ros2/launch/sllidar_c1_launch.py
[0.971s] -- Up-to-date: /home/pi/raspi/install/sllidar_ros2/share/sllidar_ros2/launch/sllidar_s3_launch.py
[0.971s] -- Up-to-date: /home/pi/raspi/install/sllidar_ros2/share/sllidar_ros2/launch/view_sllidar_s1_tcp_launch.py
[0.971s] -- Up-to-date: /home/pi/raspi/install/sllidar_ros2/share/sllidar_ros2/launch/sllidar_t1_launch.py
[0.971s] -- Up-to-date: /home/pi/raspi/install/sllidar_ros2/share/sllidar_ros2/launch/view_sllidar_t1_launch.py
[0.972s] -- Up-to-date: /home/pi/raspi/install/sllidar_ros2/share/sllidar_ros2/launch/view_sllidar_a1_launch.py
[0.972s] -- Up-to-date: /home/pi/raspi/install/sllidar_ros2/share/sllidar_ros2/launch/sllidar_s1_tcp_launch.py
[0.972s] -- Up-to-date: /home/pi/raspi/install/sllidar_ros2/share/sllidar_ros2/launch/view_sllidar_a3_launch.py
[0.972s] -- Up-to-date: /home/pi/raspi/install/sllidar_ros2/share/sllidar_ros2/launch/sllidar_a3_launch.py
[0.972s] -- Up-to-date: /home/pi/raspi/install/sllidar_ros2/share/sllidar_ros2/launch/sllidar_a2m12_launch .py
[0.972s] -- Up-to-date: /home/pi/raspi/install/sllidar_ros2/share/sllidar_ros2/launch/view_sllidar_s2e_launch.py
[0.972s] -- Up-to-date: /home/pi/raspi/install/sllidar_ros2/share/sllidar_ros2/launch/view_sllidar_s2_launch.py
[0.972s] -- Up-to-date: /home/pi/raspi/install/sllidar_ros2/share/sllidar_ros2/launch/sllidar_a1_launch.py
[0.972s] -- Up-to-date: /home/pi/raspi/install/sllidar_ros2/share/sllidar_ros2/launch/view_sllidar_s3_launch.py
[0.972s] -- Up-to-date: /home/pi/raspi/install/sllidar_ros2/share/sllidar_ros2/launch/view_sllidar_c1_launch.py
[0.972s] -- Up-to-date: /home/pi/raspi/install/sllidar_ros2/share/sllidar_ros2/launch/view_sllidar_a2m7_launch.py
[0.972s] -- Up-to-date: /home/pi/raspi/install/sllidar_ros2/share/sllidar_ros2/launch/sllidar_a2m8_launch.py
[0.973s] -- Up-to-date: /home/pi/raspi/install/sllidar_ros2/share/sllidar_ros2/launch/sllidar_s2e_launch.py
[0.973s] -- Up-to-date: /home/pi/raspi/install/sllidar_ros2/share/sllidar_ros2/launch/sllidar_s2_launch.py
[0.973s] -- Up-to-date: /home/pi/raspi/install/sllidar_ros2/share/sllidar_ros2/launch/sllidar_s1_launch.py
[0.973s] -- Up-to-date: /home/pi/raspi/install/sllidar_ros2/share/sllidar_ros2/rviz
[0.973s] -- Up-to-date: /home/pi/raspi/install/sllidar_ros2/share/sllidar_ros2/rviz/sllidar_ros2.rviz
[0.980s] -- Up-to-date: /home/pi/raspi/install/sllidar_ros2/lib/sllidar_ros2/sllidar_node
[0.984s] -- Up-to-date: /home/pi/raspi/install/sllidar_ros2/lib/sllidar_ros2/sllidar_client
[0.986s] -- Up-to-date: /home/pi/raspi/install/sllidar_ros2/share/ament_index/resource_index/package_run_dependencies/sllidar_ros2
[0.987s] -- Up-to-date: /home/pi/raspi/install/sllidar_ros2/share/ament_index/resource_index/parent_prefix_path/sllidar_ros2
[0.988s] -- Up-to-date: /home/pi/raspi/install/sllidar_ros2/share/sllidar_ros2/environment/ament_prefix_path.sh
[0.988s] -- Up-to-date: /home/pi/raspi/install/sllidar_ros2/share/sllidar_ros2/environment/ament_prefix_path.dsv
[0.988s] -- Up-to-date: /home/pi/raspi/install/sllidar_ros2/share/sllidar_ros2/environment/path.sh
[0.989s] -- Up-to-date: /home/pi/raspi/install/sllidar_ros2/share/sllidar_ros2/environment/path.dsv
[0.989s] -- Up-to-date: /home/pi/raspi/install/sllidar_ros2/share/sllidar_ros2/local_setup.bash
[0.989s] -- Up-to-date: /home/pi/raspi/install/sllidar_ros2/share/sllidar_ros2/local_setup.sh
[0.989s] -- Up-to-date: /home/pi/raspi/install/sllidar_ros2/share/sllidar_ros2/local_setup.zsh
[0.989s] -- Up-to-date: /home/pi/raspi/install/sllidar_ros2/share/sllidar_ros2/local_setup.dsv
[0.989s] -- Installing: /home/pi/raspi/install/sllidar_ros2/share/sllidar_ros2/package.dsv
[0.991s] -- Up-to-date: /home/pi/raspi/install/sllidar_ros2/share/ament_index/resource_index/packages/sllidar_ros2
[0.992s] -- Up-to-date: /home/pi/raspi/install/sllidar_ros2/share/sllidar_ros2/cmake/ament_cmake_export_dependencies-extras.cmake
[0.992s] -- Up-to-date: /home/pi/raspi/install/sllidar_ros2/share/sllidar_ros2/cmake/ament_cmake_export_include_directories-extras.cmake
[0.992s] -- Up-to-date: /home/pi/raspi/install/sllidar_ros2/share/sllidar_ros2/cmake/sllidar_ros2Config.cmake
[0.992s] -- Up-to-date: /home/pi/raspi/install/sllidar_ros2/share/sllidar_ros2/cmake/sllidar_ros2Config-version.cmake
[0.992s] -- Up-to-date: /home/pi/raspi/install/sllidar_ros2/share/sllidar_ros2/package.xml
[0.996s] Invoked command in '/home/pi/raspi/build/sllidar_ros2' returned '0': CMAKE_PREFIX_PATH=${CMAKE_PREFIX_PATH}:/opt/ros/jazzy /usr/bin/cmake --install /home/pi/raspi/build/sllidar_ros2
