running egg_info
writing ../build/navigator/navigator.egg-info/PKG-INFO
writing dependency_links to ../build/navigator/navigator.egg-info/dependency_links.txt
writing entry points to ../build/navigator/navigator.egg-info/entry_points.txt
writing requirements to ../build/navigator/navigator.egg-info/requires.txt
writing top-level names to ../build/navigator/navigator.egg-info/top_level.txt
reading manifest file '../build/navigator/navigator.egg-info/SOURCES.txt'
writing manifest file '../build/navigator/navigator.egg-info/SOURCES.txt'
running build
running build_py
copying navigator/move_front_wheels.py -> /home/pi/raspi/build/navigator/build/lib/navigator
copying navigator/move_rear_wheels.py -> /home/pi/raspi/build/navigator/build/lib/navigator
running install
running install_lib
copying /home/pi/raspi/build/navigator/build/lib/navigator/move_front_wheels.py -> /home/pi/raspi/install/navigator/lib/python3.12/site-packages/navigator
copying /home/pi/raspi/build/navigator/build/lib/navigator/move_rear_wheels.py -> /home/pi/raspi/install/navigator/lib/python3.12/site-packages/navigator
byte-compiling /home/pi/raspi/install/navigator/lib/python3.12/site-packages/navigator/move_front_wheels.py to move_front_wheels.cpython-312.pyc
byte-compiling /home/pi/raspi/install/navigator/lib/python3.12/site-packages/navigator/move_rear_wheels.py to move_rear_wheels.cpython-312.pyc
running install_data
running install_egg_info
removing '/home/pi/raspi/install/navigator/lib/python3.12/site-packages/navigator-0.0.0-py3.12.egg-info' (and everything under it)
Copying ../build/navigator/navigator.egg-info to /home/pi/raspi/install/navigator/lib/python3.12/site-packages/navigator-0.0.0-py3.12.egg-info
running install_scripts
Installing front script to /home/pi/raspi/install/navigator/lib/navigator
Installing inv_kin script to /home/pi/raspi/install/navigator/lib/navigator
Installing joy script to /home/pi/raspi/install/navigator/lib/navigator
Installing rear script to /home/pi/raspi/install/navigator/lib/navigator
Installing viz script to /home/pi/raspi/install/navigator/lib/navigator
writing list of installed files to '/home/pi/raspi/build/navigator/install.log'
