[0.270s] DEBUG:colcon:Command line arguments: ['/usr/bin/colcon', 'build']
[0.270s] DEBUG:colcon:Parsed command line arguments: Namespace(log_base=None, log_level=None, verb_name='build', build_base='build', install_base='install', merge_install=False, symlink_install=False, test_result_base=None, continue_on_error=False, executor='parallel', parallel_workers=4, event_handlers=None, ignore_user_meta=False, metas=['./colcon.meta'], base_paths=['.'], packages_ignore=None, packages_ignore_regex=None, paths=None, packages_up_to=None, packages_up_to_regex=None, packages_above=None, packages_above_and_dependencies=None, packages_above_depth=None, packages_select_by_dep=None, packages_skip_by_dep=None, packages_skip_up_to=None, packages_select_build_failed=False, packages_skip_build_finished=False, packages_select_test_failures=False, packages_skip_test_passed=False, packages_select=None, packages_skip=None, packages_select_regex=None, packages_skip_regex=None, packages_start=None, packages_end=None, allow_overriding=[], cmake_args=None, cmake_target=None, cmake_target_skip_unavailable=False, cmake_clean_cache=False, cmake_clean_first=False, cmake_force_configure=False, ament_cmake_args=None, catkin_cmake_args=None, catkin_skip_building_tests=False, mixin_files=None, mixin=None, verb_parser=<colcon_mixin.mixin.mixin_argument.MixinArgumentDecorator object at 0xffff9da839b0>, verb_extension=<colcon_core.verb.build.BuildVerb object at 0xffff9da836e0>, main=<bound method BuildVerb.main of <colcon_core.verb.build.BuildVerb object at 0xffff9da836e0>>, mixin_verb=('build',))
[0.385s] Level 1:colcon.colcon_core.package_discovery:discover_packages(colcon_meta) check parameters
[0.386s] Level 1:colcon.colcon_core.package_discovery:discover_packages(recursive) check parameters
[0.386s] Level 1:colcon.colcon_core.package_discovery:discover_packages(ignore) check parameters
[0.386s] Level 1:colcon.colcon_core.package_discovery:discover_packages(path) check parameters
[0.386s] Level 1:colcon.colcon_core.package_discovery:discover_packages(colcon_meta) discover
[0.386s] Level 1:colcon.colcon_core.package_discovery:discover_packages(recursive) discover
[0.386s] INFO:colcon.colcon_core.package_discovery:Crawling recursively for packages in '/home/pi/raspi'
[0.386s] Level 1:colcon.colcon_core.package_identification:_identify(.) by extensions ['ignore', 'ignore_ament_install']
[0.386s] Level 1:colcon.colcon_core.package_identification:_identify(.) by extension 'ignore'
[0.386s] Level 1:colcon.colcon_core.package_identification:_identify(.) by extension 'ignore_ament_install'
[0.386s] Level 1:colcon.colcon_core.package_identification:_identify(.) by extensions ['colcon_pkg']
[0.386s] Level 1:colcon.colcon_core.package_identification:_identify(.) by extension 'colcon_pkg'
[0.387s] Level 1:colcon.colcon_core.package_identification:_identify(.) by extensions ['colcon_meta']
[0.387s] Level 1:colcon.colcon_core.package_identification:_identify(.) by extension 'colcon_meta'
[0.387s] Level 1:colcon.colcon_core.package_identification:_identify(.) by extensions ['ros']
[0.387s] Level 1:colcon.colcon_core.package_identification:_identify(.) by extension 'ros'
[0.441s] Level 1:colcon.colcon_core.package_identification:_identify(.) by extensions ['cmake', 'python']
[0.442s] Level 1:colcon.colcon_core.package_identification:_identify(.) by extension 'cmake'
[0.442s] Level 1:colcon.colcon_core.package_identification:_identify(.) by extension 'python'
[0.442s] Level 1:colcon.colcon_core.package_identification:_identify(.) by extensions ['python_setup_py']
[0.442s] Level 1:colcon.colcon_core.package_identification:_identify(.) by extension 'python_setup_py'
[0.442s] Level 1:colcon.colcon_core.package_identification:_identify(build) by extensions ['ignore', 'ignore_ament_install']
[0.442s] Level 1:colcon.colcon_core.package_identification:_identify(build) by extension 'ignore'
[0.442s] Level 1:colcon.colcon_core.package_identification:_identify(build) ignored
[0.442s] Level 1:colcon.colcon_core.package_identification:_identify(install) by extensions ['ignore', 'ignore_ament_install']
[0.442s] Level 1:colcon.colcon_core.package_identification:_identify(install) by extension 'ignore'
[0.442s] Level 1:colcon.colcon_core.package_identification:_identify(install) ignored
[0.443s] Level 1:colcon.colcon_core.package_identification:_identify(log) by extensions ['ignore', 'ignore_ament_install']
[0.443s] Level 1:colcon.colcon_core.package_identification:_identify(log) by extension 'ignore'
[0.443s] Level 1:colcon.colcon_core.package_identification:_identify(log) ignored
[0.443s] Level 1:colcon.colcon_core.package_identification:_identify(navigator) by extensions ['ignore', 'ignore_ament_install']
[0.443s] Level 1:colcon.colcon_core.package_identification:_identify(navigator) by extension 'ignore'
[0.443s] Level 1:colcon.colcon_core.package_identification:_identify(navigator) by extension 'ignore_ament_install'
[0.443s] Level 1:colcon.colcon_core.package_identification:_identify(navigator) by extensions ['colcon_pkg']
[0.443s] Level 1:colcon.colcon_core.package_identification:_identify(navigator) by extension 'colcon_pkg'
[0.443s] Level 1:colcon.colcon_core.package_identification:_identify(navigator) by extensions ['colcon_meta']
[0.443s] Level 1:colcon.colcon_core.package_identification:_identify(navigator) by extension 'colcon_meta'
[0.443s] Level 1:colcon.colcon_core.package_identification:_identify(navigator) by extensions ['ros']
[0.443s] Level 1:colcon.colcon_core.package_identification:_identify(navigator) by extension 'ros'
[0.449s] DEBUG:colcon.colcon_core.package_identification:Package 'navigator' with type 'ros.ament_python' and name 'navigator'
[0.450s] Level 1:colcon.colcon_core.package_identification:_identify(sllidar_ros2) by extensions ['ignore', 'ignore_ament_install']
[0.450s] Level 1:colcon.colcon_core.package_identification:_identify(sllidar_ros2) by extension 'ignore'
[0.450s] Level 1:colcon.colcon_core.package_identification:_identify(sllidar_ros2) by extension 'ignore_ament_install'
[0.450s] Level 1:colcon.colcon_core.package_identification:_identify(sllidar_ros2) by extensions ['colcon_pkg']
[0.450s] Level 1:colcon.colcon_core.package_identification:_identify(sllidar_ros2) by extension 'colcon_pkg'
[0.450s] Level 1:colcon.colcon_core.package_identification:_identify(sllidar_ros2) by extensions ['colcon_meta']
[0.450s] Level 1:colcon.colcon_core.package_identification:_identify(sllidar_ros2) by extension 'colcon_meta'
[0.450s] Level 1:colcon.colcon_core.package_identification:_identify(sllidar_ros2) by extensions ['ros']
[0.451s] Level 1:colcon.colcon_core.package_identification:_identify(sllidar_ros2) by extension 'ros'
[0.452s] DEBUG:colcon.colcon_core.package_identification:Package 'sllidar_ros2' with type 'ros.ament_cmake' and name 'sllidar_ros2'
[0.452s] Level 1:colcon.colcon_core.package_discovery:discover_packages(recursive) using defaults
[0.452s] Level 1:colcon.colcon_core.package_discovery:discover_packages(ignore) discover
[0.452s] Level 1:colcon.colcon_core.package_discovery:discover_packages(ignore) using defaults
[0.452s] Level 1:colcon.colcon_core.package_discovery:discover_packages(path) discover
[0.452s] Level 1:colcon.colcon_core.package_discovery:discover_packages(path) using defaults
[0.493s] Level 1:colcon.colcon_core.package_discovery:discover_packages(prefix_path) check parameters
[0.493s] Level 1:colcon.colcon_core.package_discovery:discover_packages(prefix_path) discover
[0.498s] DEBUG:colcon.colcon_installed_package_information.package_discovery:Found 2 installed packages in /home/pi/raspi/install
[0.501s] DEBUG:colcon.colcon_installed_package_information.package_discovery:Found 347 installed packages in /opt/ros/jazzy
[0.504s] Level 1:colcon.colcon_core.package_discovery:discover_packages(prefix_path) using defaults
[0.575s] Level 5:colcon.colcon_core.verb:set package 'navigator' build argument 'cmake_args' from command line to 'None'
[0.575s] Level 5:colcon.colcon_core.verb:set package 'navigator' build argument 'cmake_target' from command line to 'None'
[0.575s] Level 5:colcon.colcon_core.verb:set package 'navigator' build argument 'cmake_target_skip_unavailable' from command line to 'False'
[0.575s] Level 5:colcon.colcon_core.verb:set package 'navigator' build argument 'cmake_clean_cache' from command line to 'False'
[0.575s] Level 5:colcon.colcon_core.verb:set package 'navigator' build argument 'cmake_clean_first' from command line to 'False'
[0.575s] Level 5:colcon.colcon_core.verb:set package 'navigator' build argument 'cmake_force_configure' from command line to 'False'
[0.575s] Level 5:colcon.colcon_core.verb:set package 'navigator' build argument 'ament_cmake_args' from command line to 'None'
[0.575s] Level 5:colcon.colcon_core.verb:set package 'navigator' build argument 'catkin_cmake_args' from command line to 'None'
[0.575s] Level 5:colcon.colcon_core.verb:set package 'navigator' build argument 'catkin_skip_building_tests' from command line to 'False'
[0.575s] DEBUG:colcon.colcon_core.verb:Building package 'navigator' with the following arguments: {'ament_cmake_args': None, 'build_base': '/home/pi/raspi/build/navigator', 'catkin_cmake_args': None, 'catkin_skip_building_tests': False, 'cmake_args': None, 'cmake_clean_cache': False, 'cmake_clean_first': False, 'cmake_force_configure': False, 'cmake_target': None, 'cmake_target_skip_unavailable': False, 'install_base': '/home/pi/raspi/install/navigator', 'merge_install': False, 'path': '/home/pi/raspi/navigator', 'symlink_install': False, 'test_result_base': None}
[0.575s] Level 5:colcon.colcon_core.verb:set package 'sllidar_ros2' build argument 'cmake_args' from command line to 'None'
[0.575s] Level 5:colcon.colcon_core.verb:set package 'sllidar_ros2' build argument 'cmake_target' from command line to 'None'
[0.575s] Level 5:colcon.colcon_core.verb:set package 'sllidar_ros2' build argument 'cmake_target_skip_unavailable' from command line to 'False'
[0.575s] Level 5:colcon.colcon_core.verb:set package 'sllidar_ros2' build argument 'cmake_clean_cache' from command line to 'False'
[0.576s] Level 5:colcon.colcon_core.verb:set package 'sllidar_ros2' build argument 'cmake_clean_first' from command line to 'False'
[0.576s] Level 5:colcon.colcon_core.verb:set package 'sllidar_ros2' build argument 'cmake_force_configure' from command line to 'False'
[0.576s] Level 5:colcon.colcon_core.verb:set package 'sllidar_ros2' build argument 'ament_cmake_args' from command line to 'None'
[0.576s] Level 5:colcon.colcon_core.verb:set package 'sllidar_ros2' build argument 'catkin_cmake_args' from command line to 'None'
[0.576s] Level 5:colcon.colcon_core.verb:set package 'sllidar_ros2' build argument 'catkin_skip_building_tests' from command line to 'False'
[0.576s] DEBUG:colcon.colcon_core.verb:Building package 'sllidar_ros2' with the following arguments: {'ament_cmake_args': None, 'build_base': '/home/pi/raspi/build/sllidar_ros2', 'catkin_cmake_args': None, 'catkin_skip_building_tests': False, 'cmake_args': None, 'cmake_clean_cache': False, 'cmake_clean_first': False, 'cmake_force_configure': False, 'cmake_target': None, 'cmake_target_skip_unavailable': False, 'install_base': '/home/pi/raspi/install/sllidar_ros2', 'merge_install': False, 'path': '/home/pi/raspi/sllidar_ros2', 'symlink_install': False, 'test_result_base': None}
[0.576s] INFO:colcon.colcon_core.executor:Executing jobs using 'parallel' executor
[0.577s] DEBUG:colcon.colcon_parallel_executor.executor.parallel:run_until_complete
[0.578s] INFO:colcon.colcon_ros.task.ament_python.build:Building ROS package in '/home/pi/raspi/navigator' with build type 'ament_python'
[0.578s] Level 1:colcon.colcon_core.shell:create_environment_hook('navigator', 'ament_prefix_path')
[0.588s] INFO:colcon.colcon_core.plugin_system:Skipping extension 'colcon_core.shell.bat': Not used on non-Windows systems
[0.588s] INFO:colcon.colcon_core.shell:Creating environment hook '/home/pi/raspi/install/navigator/share/navigator/hook/ament_prefix_path.ps1'
[0.590s] INFO:colcon.colcon_core.shell:Creating environment descriptor '/home/pi/raspi/install/navigator/share/navigator/hook/ament_prefix_path.dsv'
[0.591s] INFO:colcon.colcon_core.shell:Creating environment hook '/home/pi/raspi/install/navigator/share/navigator/hook/ament_prefix_path.sh'
[0.593s] INFO:colcon.colcon_core.shell:Skip shell extension 'powershell' for command environment: Not usable outside of PowerShell
[0.594s] DEBUG:colcon.colcon_core.shell:Skip shell extension 'dsv' for command environment
[0.600s] INFO:colcon.colcon_ros.task.ament_cmake.build:Building ROS package in '/home/pi/raspi/sllidar_ros2' with build type 'ament_cmake'
[0.600s] INFO:colcon.colcon_cmake.task.cmake.build:Building CMake package in '/home/pi/raspi/sllidar_ros2'
[0.601s] INFO:colcon.colcon_core.shell:Skip shell extension 'powershell' for command environment: Not usable outside of PowerShell
[0.601s] DEBUG:colcon.colcon_core.shell:Skip shell extension 'dsv' for command environment
[0.947s] INFO:colcon.colcon_core.task.python.build:Building Python package in '/home/pi/raspi/navigator'
[0.947s] INFO:colcon.colcon_core.shell:Skip shell extension 'powershell' for command environment: Not usable outside of PowerShell
[0.947s] DEBUG:colcon.colcon_core.shell:Skip shell extension 'dsv' for command environment
[0.959s] DEBUG:colcon.colcon_core.event_handler.log_command:Invoking command in '/home/pi/raspi/build/sllidar_ros2': CMAKE_PREFIX_PATH=${CMAKE_PREFIX_PATH}:/home/pi/raspi/install/navigator:/opt/ros/jazzy /usr/bin/cmake --build /home/pi/raspi/build/sllidar_ros2 -- -j4 -l4
[1.392s] DEBUG:colcon.colcon_core.event_handler.log_command:Invoked command in '/home/pi/raspi/build/sllidar_ros2' returned '0': CMAKE_PREFIX_PATH=${CMAKE_PREFIX_PATH}:/home/pi/raspi/install/navigator:/opt/ros/jazzy /usr/bin/cmake --build /home/pi/raspi/build/sllidar_ros2 -- -j4 -l4
[1.419s] DEBUG:colcon.colcon_core.event_handler.log_command:Invoking command in '/home/pi/raspi/build/sllidar_ros2': CMAKE_PREFIX_PATH=${CMAKE_PREFIX_PATH}:/home/pi/raspi/install/navigator:/opt/ros/jazzy /usr/bin/cmake --install /home/pi/raspi/build/sllidar_ros2
[1.456s] Level 1:colcon.colcon_core.environment:create_environment_scripts_only(sllidar_ros2)
[1.457s] DEBUG:colcon.colcon_core.event_handler.log_command:Invoked command in '/home/pi/raspi/build/sllidar_ros2' returned '0': CMAKE_PREFIX_PATH=${CMAKE_PREFIX_PATH}:/home/pi/raspi/install/navigator:/opt/ros/jazzy /usr/bin/cmake --install /home/pi/raspi/build/sllidar_ros2
[1.481s] Level 1:colcon.colcon_core.environment:checking '/home/pi/raspi/install/sllidar_ros2' for CMake module files
[1.482s] Level 1:colcon.colcon_core.environment:checking '/home/pi/raspi/install/sllidar_ros2' for CMake config files
[1.483s] Level 1:colcon.colcon_core.shell:create_environment_hook('sllidar_ros2', 'cmake_prefix_path')
[1.483s] INFO:colcon.colcon_core.shell:Creating environment hook '/home/pi/raspi/install/sllidar_ros2/share/sllidar_ros2/hook/cmake_prefix_path.ps1'
[1.484s] INFO:colcon.colcon_core.shell:Creating environment descriptor '/home/pi/raspi/install/sllidar_ros2/share/sllidar_ros2/hook/cmake_prefix_path.dsv'
[1.484s] INFO:colcon.colcon_core.shell:Creating environment hook '/home/pi/raspi/install/sllidar_ros2/share/sllidar_ros2/hook/cmake_prefix_path.sh'
[1.486s] Level 1:colcon.colcon_core.environment:checking '/home/pi/raspi/install/sllidar_ros2/lib'
[1.486s] Level 1:colcon.colcon_core.environment:checking '/home/pi/raspi/install/sllidar_ros2/bin'
[1.486s] Level 1:colcon.colcon_core.environment:checking '/home/pi/raspi/install/sllidar_ros2/lib/pkgconfig/sllidar_ros2.pc'
[1.486s] Level 1:colcon.colcon_core.environment:checking '/home/pi/raspi/install/sllidar_ros2/lib/python3.12/site-packages'
[1.487s] Level 1:colcon.colcon_core.environment:checking '/home/pi/raspi/install/sllidar_ros2/bin'
[1.487s] INFO:colcon.colcon_core.shell:Creating package script '/home/pi/raspi/install/sllidar_ros2/share/sllidar_ros2/package.ps1'
[1.489s] INFO:colcon.colcon_core.shell:Creating package descriptor '/home/pi/raspi/install/sllidar_ros2/share/sllidar_ros2/package.dsv'
[1.493s] INFO:colcon.colcon_core.shell:Creating package script '/home/pi/raspi/install/sllidar_ros2/share/sllidar_ros2/package.sh'
[1.496s] INFO:colcon.colcon_core.shell:Creating package script '/home/pi/raspi/install/sllidar_ros2/share/sllidar_ros2/package.bash'
[1.500s] INFO:colcon.colcon_core.shell:Creating package script '/home/pi/raspi/install/sllidar_ros2/share/sllidar_ros2/package.zsh'
[1.505s] Level 1:colcon.colcon_core.environment:create_file_with_runtime_dependencies(/home/pi/raspi/install/sllidar_ros2/share/colcon-core/packages/sllidar_ros2)
[1.506s] Level 1:colcon.colcon_core.environment:create_environment_scripts_only(sllidar_ros2)
[1.506s] Level 1:colcon.colcon_core.environment:checking '/home/pi/raspi/install/sllidar_ros2' for CMake module files
[1.507s] Level 1:colcon.colcon_core.environment:checking '/home/pi/raspi/install/sllidar_ros2' for CMake config files
[1.508s] Level 1:colcon.colcon_core.shell:create_environment_hook('sllidar_ros2', 'cmake_prefix_path')
[1.508s] INFO:colcon.colcon_core.shell:Creating environment hook '/home/pi/raspi/install/sllidar_ros2/share/sllidar_ros2/hook/cmake_prefix_path.ps1'
[1.508s] INFO:colcon.colcon_core.shell:Creating environment descriptor '/home/pi/raspi/install/sllidar_ros2/share/sllidar_ros2/hook/cmake_prefix_path.dsv'
[1.509s] INFO:colcon.colcon_core.shell:Creating environment hook '/home/pi/raspi/install/sllidar_ros2/share/sllidar_ros2/hook/cmake_prefix_path.sh'
[1.510s] Level 1:colcon.colcon_core.environment:checking '/home/pi/raspi/install/sllidar_ros2/lib'
[1.510s] Level 1:colcon.colcon_core.environment:checking '/home/pi/raspi/install/sllidar_ros2/bin'
[1.511s] Level 1:colcon.colcon_core.environment:checking '/home/pi/raspi/install/sllidar_ros2/lib/pkgconfig/sllidar_ros2.pc'
[1.511s] Level 1:colcon.colcon_core.environment:checking '/home/pi/raspi/install/sllidar_ros2/lib/python3.12/site-packages'
[1.511s] Level 1:colcon.colcon_core.environment:checking '/home/pi/raspi/install/sllidar_ros2/bin'
[1.512s] INFO:colcon.colcon_core.shell:Creating package script '/home/pi/raspi/install/sllidar_ros2/share/sllidar_ros2/package.ps1'
[1.514s] INFO:colcon.colcon_core.shell:Creating package descriptor '/home/pi/raspi/install/sllidar_ros2/share/sllidar_ros2/package.dsv'
[1.514s] INFO:colcon.colcon_core.shell:Creating package script '/home/pi/raspi/install/sllidar_ros2/share/sllidar_ros2/package.sh'
[1.515s] INFO:colcon.colcon_core.shell:Creating package script '/home/pi/raspi/install/sllidar_ros2/share/sllidar_ros2/package.bash'
[1.515s] INFO:colcon.colcon_core.shell:Creating package script '/home/pi/raspi/install/sllidar_ros2/share/sllidar_ros2/package.zsh'
[1.516s] Level 1:colcon.colcon_core.environment:create_file_with_runtime_dependencies(/home/pi/raspi/install/sllidar_ros2/share/colcon-core/packages/sllidar_ros2)
[2.537s] DEBUG:colcon.colcon_core.event_handler.log_command:Invoking command in '/home/pi/raspi/navigator': PYTHONPATH=/home/pi/raspi/build/navigator/prefix_override:/usr/lib/python3/dist-packages/colcon_core/task/python/colcon_distutils_commands:/home/pi/raspi/install/navigator/lib/python3.12/site-packages:${PYTHONPATH} /usr/bin/python3 -W ignore:setup.py install is deprecated -W ignore:easy_install command is deprecated setup.py egg_info --egg-base ../build/navigator build --build-base /home/pi/raspi/build/navigator/build install --record /home/pi/raspi/build/navigator/install.log --single-version-externally-managed install_data
[3.390s] Level 1:colcon.colcon_core.environment:checking '/home/pi/raspi/install/navigator' for CMake module files
[3.390s] DEBUG:colcon.colcon_core.event_handler.log_command:Invoked command in '/home/pi/raspi/navigator' returned '0': PYTHONPATH=/home/pi/raspi/build/navigator/prefix_override:/usr/lib/python3/dist-packages/colcon_core/task/python/colcon_distutils_commands:/home/pi/raspi/install/navigator/lib/python3.12/site-packages:${PYTHONPATH} /usr/bin/python3 -W ignore:setup.py install is deprecated -W ignore:easy_install command is deprecated setup.py egg_info --egg-base ../build/navigator build --build-base /home/pi/raspi/build/navigator/build install --record /home/pi/raspi/build/navigator/install.log --single-version-externally-managed install_data
[3.391s] Level 1:colcon.colcon_core.environment:checking '/home/pi/raspi/install/navigator' for CMake config files
[3.392s] Level 1:colcon.colcon_core.environment:checking '/home/pi/raspi/install/navigator/lib'
[3.392s] Level 1:colcon.colcon_core.environment:checking '/home/pi/raspi/install/navigator/bin'
[3.392s] Level 1:colcon.colcon_core.environment:checking '/home/pi/raspi/install/navigator/lib/pkgconfig/navigator.pc'
[3.392s] Level 1:colcon.colcon_core.environment:checking '/home/pi/raspi/install/navigator/lib/python3.12/site-packages'
[3.392s] Level 1:colcon.colcon_core.shell:create_environment_hook('navigator', 'pythonpath')
[3.393s] INFO:colcon.colcon_core.shell:Creating environment hook '/home/pi/raspi/install/navigator/share/navigator/hook/pythonpath.ps1'
[3.393s] INFO:colcon.colcon_core.shell:Creating environment descriptor '/home/pi/raspi/install/navigator/share/navigator/hook/pythonpath.dsv'
[3.394s] INFO:colcon.colcon_core.shell:Creating environment hook '/home/pi/raspi/install/navigator/share/navigator/hook/pythonpath.sh'
[3.395s] Level 1:colcon.colcon_core.environment:checking '/home/pi/raspi/install/navigator/bin'
[3.395s] Level 1:colcon.colcon_core.environment:create_environment_scripts_only(navigator)
[3.396s] INFO:colcon.colcon_core.shell:Creating package script '/home/pi/raspi/install/navigator/share/navigator/package.ps1'
[3.396s] INFO:colcon.colcon_core.shell:Creating package descriptor '/home/pi/raspi/install/navigator/share/navigator/package.dsv'
[3.397s] INFO:colcon.colcon_core.shell:Creating package script '/home/pi/raspi/install/navigator/share/navigator/package.sh'
[3.398s] INFO:colcon.colcon_core.shell:Creating package script '/home/pi/raspi/install/navigator/share/navigator/package.bash'
[3.399s] INFO:colcon.colcon_core.shell:Creating package script '/home/pi/raspi/install/navigator/share/navigator/package.zsh'
[3.399s] Level 1:colcon.colcon_core.environment:create_file_with_runtime_dependencies(/home/pi/raspi/install/navigator/share/colcon-core/packages/navigator)
[3.400s] DEBUG:colcon.colcon_parallel_executor.executor.parallel:closing loop
[3.401s] DEBUG:colcon.colcon_parallel_executor.executor.parallel:loop closed
[3.401s] DEBUG:colcon.colcon_parallel_executor.executor.parallel:run_until_complete finished with '0'
[3.401s] DEBUG:colcon.colcon_core.event_reactor:joining thread
[3.412s] INFO:colcon.colcon_core.plugin_system:Skipping extension 'colcon_notification.desktop_notification.notify_send': Could not find 'notify-send'
[3.412s] INFO:colcon.colcon_core.plugin_system:Skipping extension 'colcon_notification.desktop_notification.terminal_notifier': Not used on non-Darwin systems
[3.412s] INFO:colcon.colcon_core.plugin_system:Skipping extension 'colcon_notification.desktop_notification.win32': Not used on non-Windows systems
[3.412s] INFO:colcon.colcon_notification.desktop_notification:Sending desktop notification using 'notify2'
[3.443s] DEBUG:colcon.colcon_notification.desktop_notification.notify2:Failed to initialize notify2: org.freedesktop.DBus.Error.ServiceUnknown: The name org.freedesktop.Notifications was not provided by any .service files
[3.443s] DEBUG:colcon.colcon_core.event_reactor:joined thread
[3.443s] INFO:colcon.colcon_core.shell:Creating prefix script '/home/pi/raspi/install/local_setup.ps1'
[3.445s] INFO:colcon.colcon_core.shell:Creating prefix util module '/home/pi/raspi/install/_local_setup_util_ps1.py'
[3.448s] INFO:colcon.colcon_core.shell:Creating prefix chain script '/home/pi/raspi/install/setup.ps1'
[3.450s] INFO:colcon.colcon_core.shell:Creating prefix script '/home/pi/raspi/install/local_setup.sh'
[3.452s] INFO:colcon.colcon_core.shell:Creating prefix util module '/home/pi/raspi/install/_local_setup_util_sh.py'
[3.453s] INFO:colcon.colcon_core.shell:Creating prefix chain script '/home/pi/raspi/install/setup.sh'
[3.457s] INFO:colcon.colcon_core.shell:Creating prefix script '/home/pi/raspi/install/local_setup.bash'
[3.459s] INFO:colcon.colcon_core.shell:Creating prefix chain script '/home/pi/raspi/install/setup.bash'
[3.461s] INFO:colcon.colcon_core.shell:Creating prefix script '/home/pi/raspi/install/local_setup.zsh'
[3.463s] INFO:colcon.colcon_core.shell:Creating prefix chain script '/home/pi/raspi/install/setup.zsh'
