/home/pi/raspi/install/navigator/lib/python3.12/site-packages/navigator/inv_kin.py
/home/pi/raspi/install/navigator/lib/python3.12/site-packages/navigator/move_rear_wheels_old2.py
/home/pi/raspi/install/navigator/lib/python3.12/site-packages/navigator/joy_to_vel.py
/home/pi/raspi/install/navigator/lib/python3.12/site-packages/navigator/move_front_wheels.py
/home/pi/raspi/install/navigator/lib/python3.12/site-packages/navigator/start_lidar.py
/home/pi/raspi/install/navigator/lib/python3.12/site-packages/navigator/move_front_wheels_old2.py
/home/pi/raspi/install/navigator/lib/python3.12/site-packages/navigator/run_all.py
/home/pi/raspi/install/navigator/lib/python3.12/site-packages/navigator/__init__.py
/home/pi/raspi/install/navigator/lib/python3.12/site-packages/navigator/rviz_launch.py
/home/pi/raspi/install/navigator/lib/python3.12/site-packages/navigator/move_rear_wheels.py
/home/pi/raspi/install/navigator/lib/python3.12/site-packages/navigator/wheel_odometry_launch.py
/home/pi/raspi/install/navigator/lib/python3.12/site-packages/navigator/__pycache__/inv_kin.cpython-312.pyc
/home/pi/raspi/install/navigator/lib/python3.12/site-packages/navigator/__pycache__/move_rear_wheels_old2.cpython-312.pyc
/home/pi/raspi/install/navigator/lib/python3.12/site-packages/navigator/__pycache__/joy_to_vel.cpython-312.pyc
/home/pi/raspi/install/navigator/lib/python3.12/site-packages/navigator/__pycache__/move_front_wheels.cpython-312.pyc
/home/pi/raspi/install/navigator/lib/python3.12/site-packages/navigator/__pycache__/start_lidar.cpython-312.pyc
/home/pi/raspi/install/navigator/lib/python3.12/site-packages/navigator/__pycache__/move_front_wheels_old2.cpython-312.pyc
/home/pi/raspi/install/navigator/lib/python3.12/site-packages/navigator/__pycache__/run_all.cpython-312.pyc
/home/pi/raspi/install/navigator/lib/python3.12/site-packages/navigator/__pycache__/__init__.cpython-312.pyc
/home/pi/raspi/install/navigator/lib/python3.12/site-packages/navigator/__pycache__/rviz_launch.cpython-312.pyc
/home/pi/raspi/install/navigator/lib/python3.12/site-packages/navigator/__pycache__/move_rear_wheels.cpython-312.pyc
/home/pi/raspi/install/navigator/lib/python3.12/site-packages/navigator/__pycache__/wheel_odometry_launch.cpython-312.pyc
/home/pi/raspi/install/navigator/share/ament_index/resource_index/packages/navigator
/home/pi/raspi/install/navigator/share/navigator/package.xml
/home/pi/raspi/install/navigator/lib/python3.12/site-packages/navigator-0.0.0-py3.12.egg-info/dependency_links.txt
/home/pi/raspi/install/navigator/lib/python3.12/site-packages/navigator-0.0.0-py3.12.egg-info/entry_points.txt
/home/pi/raspi/install/navigator/lib/python3.12/site-packages/navigator-0.0.0-py3.12.egg-info/PKG-INFO
/home/pi/raspi/install/navigator/lib/python3.12/site-packages/navigator-0.0.0-py3.12.egg-info/zip-safe
/home/pi/raspi/install/navigator/lib/python3.12/site-packages/navigator-0.0.0-py3.12.egg-info/top_level.txt
/home/pi/raspi/install/navigator/lib/python3.12/site-packages/navigator-0.0.0-py3.12.egg-info/SOURCES.txt
/home/pi/raspi/install/navigator/lib/python3.12/site-packages/navigator-0.0.0-py3.12.egg-info/requires.txt
/home/pi/raspi/install/navigator/lib/navigator/front
/home/pi/raspi/install/navigator/lib/navigator/inv_kin
/home/pi/raspi/install/navigator/lib/navigator/joy
/home/pi/raspi/install/navigator/lib/navigator/rear
/home/pi/raspi/install/navigator/lib/navigator/viz
