[1.241s] Invoking command in '/home/pi/raspi/navigator': PYTHONPATH=/home/pi/raspi/build/navigator/prefix_override:/usr/lib/python3/dist-packages/colcon_core/task/python/colcon_distutils_commands:/home/pi/raspi/install/navigator/lib/python3.12/site-packages:${PYTHONPATH} /usr/bin/python3 -W ignore:setup.py install is deprecated -W ignore:easy_install command is deprecated setup.py egg_info --egg-base ../build/navigator build --build-base /home/pi/raspi/build/navigator/build install --record /home/pi/raspi/build/navigator/install.log --single-version-externally-managed install_data
[1.643s] running egg_info
[1.674s] writing ../build/navigator/navigator.egg-info/PKG-INFO
[1.674s] writing dependency_links to ../build/navigator/navigator.egg-info/dependency_links.txt
[1.675s] writing entry points to ../build/navigator/navigator.egg-info/entry_points.txt
[1.676s] writing requirements to ../build/navigator/navigator.egg-info/requires.txt
[1.677s] writing top-level names to ../build/navigator/navigator.egg-info/top_level.txt
[1.736s] reading manifest file '../build/navigator/navigator.egg-info/SOURCES.txt'
[1.737s] writing manifest file '../build/navigator/navigator.egg-info/SOURCES.txt'
[1.737s] running build
[1.737s] running build_py
[1.738s] copying navigator/run_all.py -> /home/pi/raspi/build/navigator/build/lib/navigator
[1.739s] running install
[1.749s] running install_lib
[1.778s] copying /home/pi/raspi/build/navigator/build/lib/navigator/run_all.py -> /home/pi/raspi/install/navigator/lib/python3.12/site-packages/navigator
[1.780s] byte-compiling /home/pi/raspi/install/navigator/lib/python3.12/site-packages/navigator/run_all.py to run_all.cpython-312.pyc
[1.781s] running install_data
[1.781s] running install_egg_info
[1.813s] removing '/home/pi/raspi/install/navigator/lib/python3.12/site-packages/navigator-0.0.0-py3.12.egg-info' (and everything under it)
[1.813s] Copying ../build/navigator/navigator.egg-info to /home/pi/raspi/install/navigator/lib/python3.12/site-packages/navigator-0.0.0-py3.12.egg-info
[1.815s] running install_scripts
[2.014s] Installing front script to /home/pi/raspi/install/navigator/lib/navigator
[2.014s] Installing inv_kin script to /home/pi/raspi/install/navigator/lib/navigator
[2.015s] Installing joy script to /home/pi/raspi/install/navigator/lib/navigator
[2.016s] Installing rear script to /home/pi/raspi/install/navigator/lib/navigator
[2.017s] Installing viz script to /home/pi/raspi/install/navigator/lib/navigator
[2.019s] writing list of installed files to '/home/pi/raspi/build/navigator/install.log'
[2.111s] Invoked command in '/home/pi/raspi/navigator' returned '0': PYTHONPATH=/home/pi/raspi/build/navigator/prefix_override:/usr/lib/python3/dist-packages/colcon_core/task/python/colcon_distutils_commands:/home/pi/raspi/install/navigator/lib/python3.12/site-packages:${PYTHONPATH} /usr/bin/python3 -W ignore:setup.py install is deprecated -W ignore:easy_install command is deprecated setup.py egg_info --egg-base ../build/navigator build --build-base /home/pi/raspi/build/navigator/build install --record /home/pi/raspi/build/navigator/install.log --single-version-externally-managed install_data
