[1.087s] Invoking command in '/home/pi/raspi/build/navigator': PYTHONPATH=/home/pi/raspi/build/navigator/prefix_override:/usr/lib/python3/dist-packages/colcon_core/task/python/colcon_distutils_commands:/home/pi/raspi/install/navigator/lib/python3.12/site-packages:${PYTHONPATH} /usr/bin/python3 -W ignore:setup.py install is deprecated -W ignore:easy_install command is deprecated setup.py develop --editable --build-directory /home/pi/raspi/build/navigator/build --no-deps symlink_data
[1.476s] running develop
[1.694s] running egg_info
[1.716s] writing navigator.egg-info/PKG-INFO
[1.716s] writing dependency_links to navigator.egg-info/dependency_links.txt
[1.717s] writing entry points to navigator.egg-info/entry_points.txt
[1.718s] writing requirements to navigator.egg-info/requires.txt
[1.719s] writing top-level names to navigator.egg-info/top_level.txt
[1.764s] reading manifest file 'navigator.egg-info/SOURCES.txt'
[1.765s] writing manifest file 'navigator.egg-info/SOURCES.txt'
[1.788s] running build_ext
[1.788s] Creating /home/pi/raspi/install/navigator/lib/python3.12/site-packages/navigator.egg-link (link to .)
[1.789s] Installing front script to /home/pi/raspi/install/navigator/lib/navigator
[1.789s] Installing inv_kin script to /home/pi/raspi/install/navigator/lib/navigator
[1.790s] Installing joy script to /home/pi/raspi/install/navigator/lib/navigator
[1.790s] Installing rear script to /home/pi/raspi/install/navigator/lib/navigator
[1.790s] Installing viz script to /home/pi/raspi/install/navigator/lib/navigator
[1.790s] 
[1.790s] Installed /home/pi/raspi/build/navigator
[1.790s] running symlink_data
[1.890s] Invoked command in '/home/pi/raspi/build/navigator' returned '0': PYTHONPATH=/home/pi/raspi/build/navigator/prefix_override:/usr/lib/python3/dist-packages/colcon_core/task/python/colcon_distutils_commands:/home/pi/raspi/install/navigator/lib/python3.12/site-packages:${PYTHONPATH} /usr/bin/python3 -W ignore:setup.py install is deprecated -W ignore:easy_install command is deprecated setup.py develop --editable --build-directory /home/pi/raspi/build/navigator/build --no-deps symlink_data
